<?xml version="1.0" encoding="UTF-8"?>
<!-- Generated by org.testng.reporters.JUnitReportReporter -->
<testsuite hostname="INLEN8520051454" failures="0" tests="3" name="com.snap.testing.SwagTest" time="0.000" errors="0" timestamp="2023-08-29T19:46:30 IST" skipped="3">
  <testcase classname="com.snap.testing.SwagTest" name="testlog" time="0.000">
    <skipped/>
  </testcase> <!-- testlog -->
  <testcase classname="com.snap.testing.SwagTest" name="testlog" time="0.000">
    <skipped/>
  </testcase> <!-- testlog -->
  <testcase classname="com.snap.testing.SwagTest" name="testlog" time="0.000">
    <skipped/>
  </testcase> <!-- testlog -->
</testsuite> <!-- com.snap.testing.SwagTest -->
