<?xml version="1.0" encoding="UTF-8"?>
<!-- Generated by org.testng.reporters.JUnitReportReporter -->
<testsuite hostname="INLEN8520051454" failures="0" tests="1" name="TestPage.VerifyLog" time="0.000" errors="0" timestamp="2023-08-29T19:46:30 IST" skipped="1">
  <testcase classname="TestPage.VerifyLog" name="testLog" time="0.000">
    <skipped/>
  </testcase> <!-- testLog -->
</testsuite> <!-- TestPage.VerifyLog -->
