<?xml version="1.0" encoding="UTF-8"?>
<!-- Generated by org.testng.reporters.JUnitReportReporter -->
<testsuite hostname="INLEN8520051454" failures="0" tests="1" name="TestPage.LoginPF" time="7.080" errors="0" timestamp="2023-08-24T18:00:29 IST" skipped="0">
  <testcase classname="TestPage.LoginPF" name="verifyswag" time="7.080"/>
</testsuite> <!-- TestPage.LoginPF -->
