<?xml version="1.0" encoding="UTF-8"?>
<!-- Generated by org.testng.reporters.JUnitReportReporter -->
<testsuite hostname="INLEN8520051454" failures="0" tests="4" name="com.snap.testing.SecondTest" time="0.000" errors="0" timestamp="2023-08-29T19:46:30 IST" skipped="4">
  <testcase classname="com.snap.testing.SecondTest" name="log" time="0.000">
    <skipped/>
  </testcase> <!-- log -->
  <testcase classname="com.snap.testing.SecondTest" name="search" time="0.000">
    <skipped/>
  </testcase> <!-- search -->
  <testcase classname="com.snap.testing.SecondTest" name="addtocart" time="0.000">
    <skipped/>
  </testcase> <!-- addtocart -->
  <testcase classname="com.snap.testing.SecondTest" name="checkout" time="0.000">
    <skipped/>
  </testcase> <!-- checkout -->
</testsuite> <!-- com.snap.testing.SecondTest -->
